<?xml version="1.0" encoding="UTF-8"?>
<testng-results ignored="0" total="1" passed="1" failed="0" skipped="0">
  <reporter-output>
  </reporter-output>
  <suite started-at="2024-04-26T06:22:21Z" name="Default suite" finished-at="2024-04-26T06:22:35Z" duration-ms="13646">
    <groups>
    </groups>
    <test started-at="2024-04-26T06:22:21Z" name="Default test" finished-at="2024-04-26T06:22:35Z" duration-ms="13646">
      <class name="com.app.AutomationSec.TestNGDemo_Sec">
        <test-method signature="login()[pri:0, instance:com.app.AutomationSec.TestNGDemo_Sec@2c78d320]" started-at="2024-04-26T11:52:21Z" name="login" finished-at="2024-04-26T11:52:35Z" duration-ms="13626" status="PASS">
          <reporter-output>
          </reporter-output>
        </test-method> <!-- login -->
      </class> <!-- com.app.AutomationSec.TestNGDemo_Sec -->
    </test> <!-- Default test -->
  </suite> <!-- Default suite -->
</testng-results>
